<?xml version="1.0" encoding="UTF-8"?>
<testsuite name="jpabook.jpashop.service.MemberServiceTest" tests="2" skipped="0" failures="0" errors="0" timestamp="2023-03-08T23:40:10" hostname="Toms-MacBook-Pro.local" time="0.499">
  <properties/>
  <testcase name="validateDuplicateMember()" classname="jpabook.jpashop.service.MemberServiceTest" time="0.486"/>
  <testcase name="register()" classname="jpabook.jpashop.service.MemberServiceTest" time="0.011"/>
  <system-out><![CDATA[08:40:06.780 [Test worker] DEBUG org.springframework.boot.test.context.SpringBootTestContextBootstrapper - Neither @ContextConfiguration nor @ContextHierarchy found for test class [MemberServiceTest]: using SpringBootContextLoader
08:40:06.784 [Test worker] DEBUG org.springframework.test.context.support.AbstractContextLoader - Could not detect default resource locations for test class [jpabook.jpashop.service.MemberServiceTest]: no resource found for suffixes {-context.xml, Context.groovy}.
08:40:06.785 [Test worker] INFO org.springframework.test.context.support.AnnotationConfigContextLoaderUtils - Could not detect default configuration classes for test class [jpabook.jpashop.service.MemberServiceTest]: MemberServiceTest does not declare any static, non-private, non-final, nested classes annotated with @Configuration.
08:40:06.804 [Test worker] DEBUG org.springframework.boot.test.context.SpringBootTestContextBootstrapper - Using ContextCustomizers for test class [MemberServiceTest]: [DisableObservabilityContextCustomizer, PropertyMappingContextCustomizer, Customizer, ExcludeFilterContextCustomizer, DuplicateJsonObjectContextCustomizer, MockitoContextCustomizer, TestRestTemplateContextCustomizer]
08:40:06.876 [Test worker] DEBUG org.springframework.context.annotation.ClassPathScanningCandidateComponentProvider - Identified candidate component class: file [/Users/tom/Desktop/backend/spring-jpa-shop/build/classes/java/main/jpabook/jpashop/JpashopApplication.class]
08:40:06.878 [Test worker] INFO org.springframework.boot.test.context.SpringBootTestContextBootstrapper - Found @SpringBootConfiguration jpabook.jpashop.JpashopApplication for test class jpabook.jpashop.service.MemberServiceTest
08:40:06.953 [Test worker] DEBUG org.springframework.boot.test.context.SpringBootTestContextBootstrapper - Using TestExecutionListeners for test class [MemberServiceTest]: [ServletTestExecutionListener, DirtiesContextBeforeModesTestExecutionListener, ApplicationEventsTestExecutionListener, MockitoTestExecutionListener, DependencyInjectionTestExecutionListener, DirtiesContextTestExecutionListener, TransactionalTestExecutionListener, SqlScriptsTestExecutionListener, EventPublishingTestExecutionListener, RestDocsTestExecutionListener, MockRestServiceServerResetTestExecutionListener, MockMvcPrintOnlyOnFailureTestExecutionListener, WebDriverTestExecutionListener, MockWebServiceServerTestExecutionListener, ResetMocksTestExecutionListener]
08:40:06.954 [Test worker] DEBUG org.springframework.test.context.support.AbstractDirtiesContextTestExecutionListener - Before test class: class [MemberServiceTest], class annotated with @DirtiesContext [false] with mode [null]

  .   ____          _            __ _ _
 /\\ / ___'_ __ _ _(_)_ __  __ _ \ \ \ \
( ( )\___ | '_ | '_| | '_ \/ _` | \ \ \ \
 \\/  ___)| |_)| | | | | || (_| |  ) ) ) )
  '  |____| .__|_| |_|_| |_\__, | / / / /
 =========|_|==============|___/=/_/_/_/
 :: Spring Boot ::                (v3.0.2)

2023-03-09T08:40:07.239+09:00  INFO 2276 --- [    Test worker] j.jpashop.service.MemberServiceTest      : Starting MemberServiceTest using Java 17.0.6 with PID 2276 (started by tom in /Users/tom/Desktop/backend/spring-jpa-shop)
2023-03-09T08:40:07.241+09:00  INFO 2276 --- [    Test worker] j.jpashop.service.MemberServiceTest      : No active profile set, falling back to 1 default profile: "default"
2023-03-09T08:40:07.745+09:00  INFO 2276 --- [    Test worker] .s.d.r.c.RepositoryConfigurationDelegate : Bootstrapping Spring Data JPA repositories in DEFAULT mode.
2023-03-09T08:40:07.764+09:00  INFO 2276 --- [    Test worker] .s.d.r.c.RepositoryConfigurationDelegate : Finished Spring Data repository scanning in 12 ms. Found 0 JPA repository interfaces.
2023-03-09T08:40:08.142+09:00  INFO 2276 --- [    Test worker] com.zaxxer.hikari.HikariDataSource       : HikariPool-1 - Starting...
2023-03-09T08:40:08.321+09:00  INFO 2276 --- [    Test worker] com.zaxxer.hikari.pool.HikariPool        : HikariPool-1 - Added connection conn0: url=jdbc:h2:mem:ad583980-0b40-433f-a92d-056e98cc9d7e user=SA
2023-03-09T08:40:08.323+09:00  INFO 2276 --- [    Test worker] com.zaxxer.hikari.HikariDataSource       : HikariPool-1 - Start completed.
2023-03-09T08:40:08.384+09:00  INFO 2276 --- [    Test worker] o.hibernate.jpa.internal.util.LogHelper  : HHH000204: Processing PersistenceUnitInfo [name: default]
2023-03-09T08:40:08.446+09:00  INFO 2276 --- [    Test worker] org.hibernate.Version                    : HHH000412: Hibernate ORM core version 6.1.6.Final
2023-03-09T08:40:08.606+09:00  WARN 2276 --- [    Test worker] org.hibernate.orm.deprecation            : HHH90000021: Encountered deprecated setting [javax.persistence.sharedCache.mode], use [jakarta.persistence.sharedCache.mode] instead
2023-03-09T08:40:08.745+09:00  INFO 2276 --- [    Test worker] SQL dialect                              : HHH000400: Using dialect: org.hibernate.dialect.H2Dialect
2023-03-09T08:40:09.599+09:00 DEBUG 2276 --- [    Test worker] org.hibernate.SQL                        : drop table if exists category cascade 
2023-03-09T08:40:09.600+09:00 DEBUG 2276 --- [    Test worker] org.hibernate.SQL                        : drop table if exists category_item cascade 
2023-03-09T08:40:09.601+09:00 DEBUG 2276 --- [    Test worker] org.hibernate.SQL                        : drop table if exists delivery cascade 
2023-03-09T08:40:09.601+09:00 DEBUG 2276 --- [    Test worker] org.hibernate.SQL                        : drop table if exists item cascade 
2023-03-09T08:40:09.601+09:00 DEBUG 2276 --- [    Test worker] org.hibernate.SQL                        : drop table if exists member cascade 
2023-03-09T08:40:09.601+09:00 DEBUG 2276 --- [    Test worker] org.hibernate.SQL                        : drop table if exists order_item cascade 
2023-03-09T08:40:09.602+09:00 DEBUG 2276 --- [    Test worker] org.hibernate.SQL                        : drop table if exists orders cascade 
2023-03-09T08:40:09.602+09:00 DEBUG 2276 --- [    Test worker] org.hibernate.SQL                        : drop sequence if exists category_seq
2023-03-09T08:40:09.602+09:00 DEBUG 2276 --- [    Test worker] org.hibernate.SQL                        : drop sequence if exists delivery_seq
2023-03-09T08:40:09.603+09:00 DEBUG 2276 --- [    Test worker] org.hibernate.SQL                        : drop sequence if exists item_seq
2023-03-09T08:40:09.603+09:00 DEBUG 2276 --- [    Test worker] org.hibernate.SQL                        : drop sequence if exists member_seq
2023-03-09T08:40:09.604+09:00 DEBUG 2276 --- [    Test worker] org.hibernate.SQL                        : drop sequence if exists order_item_seq
2023-03-09T08:40:09.604+09:00 DEBUG 2276 --- [    Test worker] org.hibernate.SQL                        : drop sequence if exists orders_seq
2023-03-09T08:40:09.610+09:00 DEBUG 2276 --- [    Test worker] org.hibernate.SQL                        : create sequence category_seq start with 1 increment by 50
2023-03-09T08:40:09.612+09:00 DEBUG 2276 --- [    Test worker] org.hibernate.SQL                        : create sequence delivery_seq start with 1 increment by 50
2023-03-09T08:40:09.612+09:00 DEBUG 2276 --- [    Test worker] org.hibernate.SQL                        : create sequence item_seq start with 1 increment by 50
2023-03-09T08:40:09.613+09:00 DEBUG 2276 --- [    Test worker] org.hibernate.SQL                        : create sequence member_seq start with 1 increment by 50
2023-03-09T08:40:09.613+09:00 DEBUG 2276 --- [    Test worker] org.hibernate.SQL                        : create sequence order_item_seq start with 1 increment by 50
2023-03-09T08:40:09.614+09:00 DEBUG 2276 --- [    Test worker] org.hibernate.SQL                        : create sequence orders_seq start with 1 increment by 50
2023-03-09T08:40:09.614+09:00 DEBUG 2276 --- [    Test worker] org.hibernate.SQL                        : create table category (category_id bigint not null, name varchar(255), parent_id bigint, primary key (category_id))
2023-03-09T08:40:09.618+09:00 DEBUG 2276 --- [    Test worker] org.hibernate.SQL                        : create table category_item (category_id bigint not null, item_id bigint not null)
2023-03-09T08:40:09.619+09:00 DEBUG 2276 --- [    Test worker] org.hibernate.SQL                        : create table delivery (delivery_id bigint not null, city varchar(255), street varchar(255), zipcode varchar(255), status varchar(255), primary key (delivery_id))
2023-03-09T08:40:09.620+09:00 DEBUG 2276 --- [    Test worker] org.hibernate.SQL                        : create table item (dtype varchar(31) not null, item_id bigint not null, name varchar(255), price integer not null, stock_quantity integer not null, artist varchar(255), etc varchar(255), author varchar(255), isbn varchar(255), actor varchar(255), director varchar(255), primary key (item_id))
2023-03-09T08:40:09.621+09:00 DEBUG 2276 --- [    Test worker] org.hibernate.SQL                        : create table member (member_id bigint not null, city varchar(255), street varchar(255), zipcode varchar(255), name varchar(255), primary key (member_id))
2023-03-09T08:40:09.622+09:00 DEBUG 2276 --- [    Test worker] org.hibernate.SQL                        : create table order_item (order_item_id bigint not null, count integer not null, order_price integer not null, item_id bigint, order_id bigint, primary key (order_item_id))
2023-03-09T08:40:09.623+09:00 DEBUG 2276 --- [    Test worker] org.hibernate.SQL                        : create table orders (order_id bigint not null, order_date timestamp(6), status varchar(255), delivery_id bigint, member_id bigint, primary key (order_id))
2023-03-09T08:40:09.624+09:00 DEBUG 2276 --- [    Test worker] org.hibernate.SQL                        : alter table if exists category add constraint FK2y94svpmqttx80mshyny85wqr foreign key (parent_id) references category
2023-03-09T08:40:09.629+09:00 DEBUG 2276 --- [    Test worker] org.hibernate.SQL                        : alter table if exists category_item add constraint FKu8b4lwqutcdq3363gf6mlujq foreign key (item_id) references item
2023-03-09T08:40:09.631+09:00 DEBUG 2276 --- [    Test worker] org.hibernate.SQL                        : alter table if exists category_item add constraint FKcq2n0opf5shyh84ex1fhukcbh foreign key (category_id) references category
2023-03-09T08:40:09.632+09:00 DEBUG 2276 --- [    Test worker] org.hibernate.SQL                        : alter table if exists order_item add constraint FKija6hjjiit8dprnmvtvgdp6ru foreign key (item_id) references item
2023-03-09T08:40:09.633+09:00 DEBUG 2276 --- [    Test worker] org.hibernate.SQL                        : alter table if exists order_item add constraint FKt4dc2r9nbvbujrljv3e23iibt foreign key (order_id) references orders
2023-03-09T08:40:09.635+09:00 DEBUG 2276 --- [    Test worker] org.hibernate.SQL                        : alter table if exists orders add constraint FKtkrur7wg4d8ax0pwgo0vmy20c foreign key (delivery_id) references delivery
2023-03-09T08:40:09.636+09:00 DEBUG 2276 --- [    Test worker] org.hibernate.SQL                        : alter table if exists orders add constraint FKpktxwhj3x9m4gth5ff6bkqgeb foreign key (member_id) references member
2023-03-09T08:40:09.639+09:00  INFO 2276 --- [    Test worker] o.h.e.t.j.p.i.JtaPlatformInitiator       : HHH000490: Using JtaPlatform implementation: [org.hibernate.engine.transaction.jta.platform.internal.NoJtaPlatform]
2023-03-09T08:40:09.648+09:00  INFO 2276 --- [    Test worker] j.LocalContainerEntityManagerFactoryBean : Initialized JPA EntityManagerFactory for persistence unit 'default'
2023-03-09T08:40:09.851+09:00  WARN 2276 --- [    Test worker] JpaBaseConfiguration$JpaWebConfiguration : spring.jpa.open-in-view is enabled by default. Therefore, database queries may be performed during view rendering. Explicitly configure spring.jpa.open-in-view to disable this warning
2023-03-09T08:40:10.024+09:00  INFO 2276 --- [    Test worker] o.s.b.a.w.s.WelcomePageHandlerMapping    : Adding welcome page: class path resource [static/index.html]
2023-03-09T08:40:10.206+09:00  INFO 2276 --- [    Test worker] j.jpashop.service.MemberServiceTest      : Started MemberServiceTest in 3.213 seconds (process running for 4.178)
2023-03-09T08:40:10.656+09:00 DEBUG 2276 --- [    Test worker] org.hibernate.SQL                        : select m1_0.member_id,m1_0.city,m1_0.street,m1_0.zipcode,m1_0.name from member m1_0 where m1_0.name=?
2023-03-09T08:40:10.663+09:00 DEBUG 2276 --- [    Test worker] org.hibernate.SQL                        : select next value for member_seq
2023-03-09T08:40:10.692+09:00 DEBUG 2276 --- [    Test worker] org.hibernate.SQL                        : insert into member (city, street, zipcode, name, member_id) values (?, ?, ?, ?, ?)
2023-03-09T08:40:10.695+09:00 DEBUG 2276 --- [    Test worker] org.hibernate.SQL                        : select m1_0.member_id,m1_0.city,m1_0.street,m1_0.zipcode,m1_0.name from member m1_0 where m1_0.name=?
2023-03-09T08:40:10.715+09:00 DEBUG 2276 --- [    Test worker] org.hibernate.SQL                        : select m1_0.member_id,m1_0.city,m1_0.street,m1_0.zipcode,m1_0.name from member m1_0 where m1_0.name=?
2023-03-09T08:40:10.716+09:00 DEBUG 2276 --- [    Test worker] org.hibernate.SQL                        : select next value for member_seq
2023-03-09T08:40:10.722+09:00 DEBUG 2276 --- [    Test worker] org.hibernate.SQL                        : insert into member (city, street, zipcode, name, member_id) values (?, ?, ?, ?, ?)
]]></system-out>
  <system-err><![CDATA[]]></system-err>
</testsuite>
