<?xml version="1.0" encoding="UTF-8"?>
<testsuite name="jpabook.jpashop.MemberRepositoryTest" tests="1" skipped="0" failures="0" errors="0" timestamp="2023-02-20T00:49:24" hostname="Toms-MacBook-Pro.local" time="0.269">
  <properties/>
  <testcase name="testMember()" classname="jpabook.jpashop.MemberRepositoryTest" time="0.269"/>
  <system-out><![CDATA[09:49:21.285 [Test worker] DEBUG org.springframework.boot.test.context.SpringBootTestContextBootstrapper - Neither @ContextConfiguration nor @ContextHierarchy found for test class [MemberRepositoryTest]: using SpringBootContextLoader
09:49:21.290 [Test worker] DEBUG org.springframework.test.context.support.AbstractContextLoader - Could not detect default resource locations for test class [jpabook.jpashop.MemberRepositoryTest]: no resource found for suffixes {-context.xml, Context.groovy}.
09:49:21.291 [Test worker] INFO org.springframework.test.context.support.AnnotationConfigContextLoaderUtils - Could not detect default configuration classes for test class [jpabook.jpashop.MemberRepositoryTest]: MemberRepositoryTest does not declare any static, non-private, non-final, nested classes annotated with @Configuration.
09:49:21.317 [Test worker] DEBUG org.springframework.boot.test.context.SpringBootTestContextBootstrapper - Using ContextCustomizers for test class [MemberRepositoryTest]: [DisableObservabilityContextCustomizer, PropertyMappingContextCustomizer, Customizer, ExcludeFilterContextCustomizer, DuplicateJsonObjectContextCustomizer, MockitoContextCustomizer, TestRestTemplateContextCustomizer]
09:49:21.391 [Test worker] DEBUG org.springframework.context.annotation.ClassPathScanningCandidateComponentProvider - Identified candidate component class: file [/Users/tom/Desktop/backend/spring-jpa-shop/jpashop/build/classes/java/main/jpabook/jpashop/JpashopApplication.class]
09:49:21.394 [Test worker] INFO org.springframework.boot.test.context.SpringBootTestContextBootstrapper - Found @SpringBootConfiguration jpabook.jpashop.JpashopApplication for test class jpabook.jpashop.MemberRepositoryTest
09:49:21.481 [Test worker] DEBUG org.springframework.boot.test.context.SpringBootTestContextBootstrapper - Using TestExecutionListeners for test class [MemberRepositoryTest]: [ServletTestExecutionListener, DirtiesContextBeforeModesTestExecutionListener, ApplicationEventsTestExecutionListener, MockitoTestExecutionListener, DependencyInjectionTestExecutionListener, DirtiesContextTestExecutionListener, TransactionalTestExecutionListener, SqlScriptsTestExecutionListener, EventPublishingTestExecutionListener, RestDocsTestExecutionListener, MockRestServiceServerResetTestExecutionListener, MockMvcPrintOnlyOnFailureTestExecutionListener, WebDriverTestExecutionListener, MockWebServiceServerTestExecutionListener, ResetMocksTestExecutionListener]
09:49:21.483 [Test worker] DEBUG org.springframework.test.context.support.AbstractDirtiesContextTestExecutionListener - Before test class: class [MemberRepositoryTest], class annotated with @DirtiesContext [false] with mode [null]

  .   ____          _            __ _ _
 /\\ / ___'_ __ _ _(_)_ __  __ _ \ \ \ \
( ( )\___ | '_ | '_| | '_ \/ _` | \ \ \ \
 \\/  ___)| |_)| | | | | || (_| |  ) ) ) )
  '  |____| .__|_| |_|_| |_\__, | / / / /
 =========|_|==============|___/=/_/_/_/
 :: Spring Boot ::                (v3.0.2)

2023-02-20T09:49:21.820+09:00  INFO 3090 --- [    Test worker] jpabook.jpashop.MemberRepositoryTest     : Starting MemberRepositoryTest using Java 17.0.6 with PID 3090 (started by tom in /Users/tom/Desktop/backend/spring-jpa-shop/jpashop)
2023-02-20T09:49:21.822+09:00  INFO 3090 --- [    Test worker] jpabook.jpashop.MemberRepositoryTest     : No active profile set, falling back to 1 default profile: "default"
2023-02-20T09:49:22.394+09:00  INFO 3090 --- [    Test worker] .s.d.r.c.RepositoryConfigurationDelegate : Bootstrapping Spring Data JPA repositories in DEFAULT mode.
2023-02-20T09:49:22.412+09:00  INFO 3090 --- [    Test worker] .s.d.r.c.RepositoryConfigurationDelegate : Finished Spring Data repository scanning in 10 ms. Found 0 JPA repository interfaces.
2023-02-20T09:49:22.804+09:00  INFO 3090 --- [    Test worker] o.hibernate.jpa.internal.util.LogHelper  : HHH000204: Processing PersistenceUnitInfo [name: default]
2023-02-20T09:49:22.848+09:00  INFO 3090 --- [    Test worker] org.hibernate.Version                    : HHH000412: Hibernate ORM core version 6.1.6.Final
2023-02-20T09:49:22.988+09:00  WARN 3090 --- [    Test worker] org.hibernate.orm.deprecation            : HHH90000021: Encountered deprecated setting [javax.persistence.sharedCache.mode], use [jakarta.persistence.sharedCache.mode] instead
2023-02-20T09:49:23.051+09:00 DEBUG 3090 --- [    Test worker] o.h.t.d.jdbc.spi.JdbcTypeRegistry        : addDescriptor(FloatTypeDescriptor) replaced previous registration(DoubleTypeDescriptor)
2023-02-20T09:49:23.065+09:00 DEBUG 3090 --- [    Test worker] org.hibernate.type.BasicTypeRegistry     : Adding type registration boolean -> org.hibernate.type.BasicTypeReference@7781263c
2023-02-20T09:49:23.066+09:00 DEBUG 3090 --- [    Test worker] org.hibernate.type.BasicTypeRegistry     : Adding type registration boolean -> org.hibernate.type.BasicTypeReference@7781263c
2023-02-20T09:49:23.066+09:00 DEBUG 3090 --- [    Test worker] org.hibernate.type.BasicTypeRegistry     : Adding type registration java.lang.Boolean -> org.hibernate.type.BasicTypeReference@7781263c
2023-02-20T09:49:23.066+09:00 DEBUG 3090 --- [    Test worker] org.hibernate.type.BasicTypeRegistry     : Adding type registration numeric_boolean -> org.hibernate.type.BasicTypeReference@5fdd97c1
2023-02-20T09:49:23.066+09:00 DEBUG 3090 --- [    Test worker] org.hibernate.type.BasicTypeRegistry     : Adding type registration org.hibernate.type.NumericBooleanConverter -> org.hibernate.type.BasicTypeReference@5fdd97c1
2023-02-20T09:49:23.066+09:00 DEBUG 3090 --- [    Test worker] org.hibernate.type.BasicTypeRegistry     : Adding type registration true_false -> org.hibernate.type.BasicTypeReference@3b5a19ed
2023-02-20T09:49:23.066+09:00 DEBUG 3090 --- [    Test worker] org.hibernate.type.BasicTypeRegistry     : Adding type registration org.hibernate.type.TrueFalseConverter -> org.hibernate.type.BasicTypeReference@3b5a19ed
2023-02-20T09:49:23.067+09:00 DEBUG 3090 --- [    Test worker] org.hibernate.type.BasicTypeRegistry     : Adding type registration yes_no -> org.hibernate.type.BasicTypeReference@15d236fd
2023-02-20T09:49:23.067+09:00 DEBUG 3090 --- [    Test worker] org.hibernate.type.BasicTypeRegistry     : Adding type registration org.hibernate.type.YesNoConverter -> org.hibernate.type.BasicTypeReference@15d236fd
2023-02-20T09:49:23.067+09:00 DEBUG 3090 --- [    Test worker] org.hibernate.type.BasicTypeRegistry     : Adding type registration byte -> org.hibernate.type.BasicTypeReference@6b9c42bd
2023-02-20T09:49:23.067+09:00 DEBUG 3090 --- [    Test worker] org.hibernate.type.BasicTypeRegistry     : Adding type registration byte -> org.hibernate.type.BasicTypeReference@6b9c42bd
2023-02-20T09:49:23.068+09:00 DEBUG 3090 --- [    Test worker] org.hibernate.type.BasicTypeRegistry     : Adding type registration java.lang.Byte -> org.hibernate.type.BasicTypeReference@6b9c42bd
2023-02-20T09:49:23.068+09:00 DEBUG 3090 --- [    Test worker] org.hibernate.type.BasicTypeRegistry     : Adding type registration binary -> org.hibernate.type.BasicTypeReference@37d3e140
2023-02-20T09:49:23.068+09:00 DEBUG 3090 --- [    Test worker] org.hibernate.type.BasicTypeRegistry     : Adding type registration byte[] -> org.hibernate.type.BasicTypeReference@37d3e140
2023-02-20T09:49:23.068+09:00 DEBUG 3090 --- [    Test worker] org.hibernate.type.BasicTypeRegistry     : Adding type registration [B -> org.hibernate.type.BasicTypeReference@37d3e140
2023-02-20T09:49:23.068+09:00 DEBUG 3090 --- [    Test worker] org.hibernate.type.BasicTypeRegistry     : Adding type registration binary_wrapper -> org.hibernate.type.BasicTypeReference@3e53c4ad
2023-02-20T09:49:23.069+09:00 DEBUG 3090 --- [    Test worker] org.hibernate.type.BasicTypeRegistry     : Adding type registration wrapper-binary -> org.hibernate.type.BasicTypeReference@3e53c4ad
2023-02-20T09:49:23.069+09:00 DEBUG 3090 --- [    Test worker] org.hibernate.type.BasicTypeRegistry     : Adding type registration Byte[] -> org.hibernate.type.BasicTypeReference@3e53c4ad
2023-02-20T09:49:23.069+09:00 DEBUG 3090 --- [    Test worker] org.hibernate.type.BasicTypeRegistry     : Adding type registration [Ljava.lang.Byte; -> org.hibernate.type.BasicTypeReference@3e53c4ad
2023-02-20T09:49:23.069+09:00 DEBUG 3090 --- [    Test worker] org.hibernate.type.BasicTypeRegistry     : Adding type registration image -> org.hibernate.type.BasicTypeReference@33eb0d4
2023-02-20T09:49:23.069+09:00 DEBUG 3090 --- [    Test worker] org.hibernate.type.BasicTypeRegistry     : Adding type registration blob -> org.hibernate.type.BasicTypeReference@224d86d2
2023-02-20T09:49:23.070+09:00 DEBUG 3090 --- [    Test worker] org.hibernate.type.BasicTypeRegistry     : Adding type registration java.sql.Blob -> org.hibernate.type.BasicTypeReference@224d86d2
2023-02-20T09:49:23.070+09:00 DEBUG 3090 --- [    Test worker] org.hibernate.type.BasicTypeRegistry     : Adding type registration materialized_blob -> org.hibernate.type.BasicTypeReference@a3cba3a
2023-02-20T09:49:23.070+09:00 DEBUG 3090 --- [    Test worker] org.hibernate.type.BasicTypeRegistry     : Adding type registration materialized_blob_wrapper -> org.hibernate.type.BasicTypeReference@2aea717c
2023-02-20T09:49:23.070+09:00 DEBUG 3090 --- [    Test worker] org.hibernate.type.BasicTypeRegistry     : Adding type registration short -> org.hibernate.type.BasicTypeReference@5ca4dce5
2023-02-20T09:49:23.070+09:00 DEBUG 3090 --- [    Test worker] org.hibernate.type.BasicTypeRegistry     : Adding type registration short -> org.hibernate.type.BasicTypeReference@5ca4dce5
2023-02-20T09:49:23.071+09:00 DEBUG 3090 --- [    Test worker] org.hibernate.type.BasicTypeRegistry     : Adding type registration java.lang.Short -> org.hibernate.type.BasicTypeReference@5ca4dce5
2023-02-20T09:49:23.071+09:00 DEBUG 3090 --- [    Test worker] org.hibernate.type.BasicTypeRegistry     : Adding type registration integer -> org.hibernate.type.BasicTypeReference@1291aab5
2023-02-20T09:49:23.071+09:00 DEBUG 3090 --- [    Test worker] org.hibernate.type.BasicTypeRegistry     : Adding type registration int -> org.hibernate.type.BasicTypeReference@1291aab5
2023-02-20T09:49:23.071+09:00 DEBUG 3090 --- [    Test worker] org.hibernate.type.BasicTypeRegistry     : Adding type registration java.lang.Integer -> org.hibernate.type.BasicTypeReference@1291aab5
2023-02-20T09:49:23.071+09:00 DEBUG 3090 --- [    Test worker] org.hibernate.type.BasicTypeRegistry     : Adding type registration long -> org.hibernate.type.BasicTypeReference@7d133fb7
2023-02-20T09:49:23.071+09:00 DEBUG 3090 --- [    Test worker] org.hibernate.type.BasicTypeRegistry     : Adding type registration long -> org.hibernate.type.BasicTypeReference@7d133fb7
2023-02-20T09:49:23.072+09:00 DEBUG 3090 --- [    Test worker] org.hibernate.type.BasicTypeRegistry     : Adding type registration java.lang.Long -> org.hibernate.type.BasicTypeReference@7d133fb7
2023-02-20T09:49:23.072+09:00 DEBUG 3090 --- [    Test worker] org.hibernate.type.BasicTypeRegistry     : Adding type registration float -> org.hibernate.type.BasicTypeReference@40bd0f8
2023-02-20T09:49:23.072+09:00 DEBUG 3090 --- [    Test worker] org.hibernate.type.BasicTypeRegistry     : Adding type registration float -> org.hibernate.type.BasicTypeReference@40bd0f8
2023-02-20T09:49:23.072+09:00 DEBUG 3090 --- [    Test worker] org.hibernate.type.BasicTypeRegistry     : Adding type registration java.lang.Float -> org.hibernate.type.BasicTypeReference@40bd0f8
2023-02-20T09:49:23.072+09:00 DEBUG 3090 --- [    Test worker] org.hibernate.type.BasicTypeRegistry     : Adding type registration double -> org.hibernate.type.BasicTypeReference@7eb27768
2023-02-20T09:49:23.072+09:00 DEBUG 3090 --- [    Test worker] org.hibernate.type.BasicTypeRegistry     : Adding type registration double -> org.hibernate.type.BasicTypeReference@7eb27768
2023-02-20T09:49:23.072+09:00 DEBUG 3090 --- [    Test worker] org.hibernate.type.BasicTypeRegistry     : Adding type registration java.lang.Double -> org.hibernate.type.BasicTypeReference@7eb27768
2023-02-20T09:49:23.072+09:00 DEBUG 3090 --- [    Test worker] org.hibernate.type.BasicTypeRegistry     : Adding type registration big_integer -> org.hibernate.type.BasicTypeReference@6169be09
2023-02-20T09:49:23.072+09:00 DEBUG 3090 --- [    Test worker] org.hibernate.type.BasicTypeRegistry     : Adding type registration java.math.BigInteger -> org.hibernate.type.BasicTypeReference@6169be09
2023-02-20T09:49:23.073+09:00 DEBUG 3090 --- [    Test worker] org.hibernate.type.BasicTypeRegistry     : Adding type registration big_decimal -> org.hibernate.type.BasicTypeReference@5e3db14
2023-02-20T09:49:23.073+09:00 DEBUG 3090 --- [    Test worker] org.hibernate.type.BasicTypeRegistry     : Adding type registration java.math.BigDecimal -> org.hibernate.type.BasicTypeReference@5e3db14
2023-02-20T09:49:23.073+09:00 DEBUG 3090 --- [    Test worker] org.hibernate.type.BasicTypeRegistry     : Adding type registration character -> org.hibernate.type.BasicTypeReference@5fb54740
2023-02-20T09:49:23.073+09:00 DEBUG 3090 --- [    Test worker] org.hibernate.type.BasicTypeRegistry     : Adding type registration char -> org.hibernate.type.BasicTypeReference@5fb54740
2023-02-20T09:49:23.074+09:00 DEBUG 3090 --- [    Test worker] org.hibernate.type.BasicTypeRegistry     : Adding type registration java.lang.Character -> org.hibernate.type.BasicTypeReference@5fb54740
2023-02-20T09:49:23.074+09:00 DEBUG 3090 --- [    Test worker] org.hibernate.type.BasicTypeRegistry     : Adding type registration character_nchar -> org.hibernate.type.BasicTypeReference@325162e9
2023-02-20T09:49:23.074+09:00 DEBUG 3090 --- [    Test worker] org.hibernate.type.BasicTypeRegistry     : Adding type registration string -> org.hibernate.type.BasicTypeReference@1ee40b5c
2023-02-20T09:49:23.074+09:00 DEBUG 3090 --- [    Test worker] org.hibernate.type.BasicTypeRegistry     : Adding type registration java.lang.String -> org.hibernate.type.BasicTypeReference@1ee40b5c
2023-02-20T09:49:23.074+09:00 DEBUG 3090 --- [    Test worker] org.hibernate.type.BasicTypeRegistry     : Adding type registration nstring -> org.hibernate.type.BasicTypeReference@5c448ef
2023-02-20T09:49:23.075+09:00 DEBUG 3090 --- [    Test worker] org.hibernate.type.BasicTypeRegistry     : Adding type registration characters -> org.hibernate.type.BasicTypeReference@703e8050
2023-02-20T09:49:23.075+09:00 DEBUG 3090 --- [    Test worker] org.hibernate.type.BasicTypeRegistry     : Adding type registration char[] -> org.hibernate.type.BasicTypeReference@703e8050
2023-02-20T09:49:23.075+09:00 DEBUG 3090 --- [    Test worker] org.hibernate.type.BasicTypeRegistry     : Adding type registration [C -> org.hibernate.type.BasicTypeReference@703e8050
2023-02-20T09:49:23.075+09:00 DEBUG 3090 --- [    Test worker] org.hibernate.type.BasicTypeRegistry     : Adding type registration wrapper-characters -> org.hibernate.type.BasicTypeReference@49c1e294
2023-02-20T09:49:23.075+09:00 DEBUG 3090 --- [    Test worker] org.hibernate.type.BasicTypeRegistry     : Adding type registration [Ljava.lang.Character; -> org.hibernate.type.BasicTypeReference@49c1e294
2023-02-20T09:49:23.076+09:00 DEBUG 3090 --- [    Test worker] org.hibernate.type.BasicTypeRegistry     : Adding type registration Character[] -> org.hibernate.type.BasicTypeReference@49c1e294
2023-02-20T09:49:23.076+09:00 DEBUG 3090 --- [    Test worker] org.hibernate.type.BasicTypeRegistry     : Adding type registration text -> org.hibernate.type.BasicTypeReference@7741ae1b
2023-02-20T09:49:23.076+09:00 DEBUG 3090 --- [    Test worker] org.hibernate.type.BasicTypeRegistry     : Adding type registration ntext -> org.hibernate.type.BasicTypeReference@50e5032c
2023-02-20T09:49:23.076+09:00 DEBUG 3090 --- [    Test worker] org.hibernate.type.BasicTypeRegistry     : Adding type registration clob -> org.hibernate.type.BasicTypeReference@545d2560
2023-02-20T09:49:23.076+09:00 DEBUG 3090 --- [    Test worker] org.hibernate.type.BasicTypeRegistry     : Adding type registration java.sql.Clob -> org.hibernate.type.BasicTypeReference@545d2560
2023-02-20T09:49:23.077+09:00 DEBUG 3090 --- [    Test worker] org.hibernate.type.BasicTypeRegistry     : Adding type registration nclob -> org.hibernate.type.BasicTypeReference@124eb83d
2023-02-20T09:49:23.077+09:00 DEBUG 3090 --- [    Test worker] org.hibernate.type.BasicTypeRegistry     : Adding type registration java.sql.NClob -> org.hibernate.type.BasicTypeReference@124eb83d
2023-02-20T09:49:23.077+09:00 DEBUG 3090 --- [    Test worker] org.hibernate.type.BasicTypeRegistry     : Adding type registration materialized_clob -> org.hibernate.type.BasicTypeReference@6885ed19
2023-02-20T09:49:23.077+09:00 DEBUG 3090 --- [    Test worker] org.hibernate.type.BasicTypeRegistry     : Adding type registration materialized_clob_char_array -> org.hibernate.type.BasicTypeReference@10817f46
2023-02-20T09:49:23.077+09:00 DEBUG 3090 --- [    Test worker] org.hibernate.type.BasicTypeRegistry     : Adding type registration materialized_clob_character_array -> org.hibernate.type.BasicTypeReference@2d4a3e13
2023-02-20T09:49:23.077+09:00 DEBUG 3090 --- [    Test worker] org.hibernate.type.BasicTypeRegistry     : Adding type registration materialized_nclob -> org.hibernate.type.BasicTypeReference@4a22e4d7
2023-02-20T09:49:23.078+09:00 DEBUG 3090 --- [    Test worker] org.hibernate.type.BasicTypeRegistry     : Adding type registration materialized_nclob_character_array -> org.hibernate.type.BasicTypeReference@d8835af
2023-02-20T09:49:23.078+09:00 DEBUG 3090 --- [    Test worker] org.hibernate.type.BasicTypeRegistry     : Adding type registration materialized_nclob_char_array -> org.hibernate.type.BasicTypeReference@16681017
2023-02-20T09:49:23.078+09:00 DEBUG 3090 --- [    Test worker] org.hibernate.type.BasicTypeRegistry     : Adding type registration Duration -> org.hibernate.type.BasicTypeReference@6aae0e6f
2023-02-20T09:49:23.078+09:00 DEBUG 3090 --- [    Test worker] org.hibernate.type.BasicTypeRegistry     : Adding type registration java.time.Duration -> org.hibernate.type.BasicTypeReference@6aae0e6f
2023-02-20T09:49:23.078+09:00 DEBUG 3090 --- [    Test worker] org.hibernate.type.BasicTypeRegistry     : Adding type registration LocalDateTime -> org.hibernate.type.BasicTypeReference@37775bb1
2023-02-20T09:49:23.078+09:00 DEBUG 3090 --- [    Test worker] org.hibernate.type.BasicTypeRegistry     : Adding type registration java.time.LocalDateTime -> org.hibernate.type.BasicTypeReference@37775bb1
2023-02-20T09:49:23.079+09:00 DEBUG 3090 --- [    Test worker] org.hibernate.type.BasicTypeRegistry     : Adding type registration LocalDate -> org.hibernate.type.BasicTypeReference@7b9e25bd
2023-02-20T09:49:23.079+09:00 DEBUG 3090 --- [    Test worker] org.hibernate.type.BasicTypeRegistry     : Adding type registration java.time.LocalDate -> org.hibernate.type.BasicTypeReference@7b9e25bd
2023-02-20T09:49:23.079+09:00 DEBUG 3090 --- [    Test worker] org.hibernate.type.BasicTypeRegistry     : Adding type registration LocalTime -> org.hibernate.type.BasicTypeReference@2d206a71
2023-02-20T09:49:23.079+09:00 DEBUG 3090 --- [    Test worker] org.hibernate.type.BasicTypeRegistry     : Adding type registration java.time.LocalTime -> org.hibernate.type.BasicTypeReference@2d206a71
2023-02-20T09:49:23.079+09:00 DEBUG 3090 --- [    Test worker] org.hibernate.type.BasicTypeRegistry     : Adding type registration OffsetDateTime -> org.hibernate.type.BasicTypeReference@37e7c4cc
2023-02-20T09:49:23.079+09:00 DEBUG 3090 --- [    Test worker] org.hibernate.type.BasicTypeRegistry     : Adding type registration java.time.OffsetDateTime -> org.hibernate.type.BasicTypeReference@37e7c4cc
2023-02-20T09:49:23.079+09:00 DEBUG 3090 --- [    Test worker] org.hibernate.type.BasicTypeRegistry     : Adding type registration OffsetDateTimeWithTimezone -> org.hibernate.type.BasicTypeReference@3a40bb52
2023-02-20T09:49:23.080+09:00 DEBUG 3090 --- [    Test worker] org.hibernate.type.BasicTypeRegistry     : Adding type registration OffsetDateTimeWithoutTimezone -> org.hibernate.type.BasicTypeReference@3079c26a
2023-02-20T09:49:23.080+09:00 DEBUG 3090 --- [    Test worker] org.hibernate.type.BasicTypeRegistry     : Adding type registration OffsetTime -> org.hibernate.type.BasicTypeReference@1e2445f6
2023-02-20T09:49:23.080+09:00 DEBUG 3090 --- [    Test worker] org.hibernate.type.BasicTypeRegistry     : Adding type registration java.time.OffsetTime -> org.hibernate.type.BasicTypeReference@1e2445f6
2023-02-20T09:49:23.080+09:00 DEBUG 3090 --- [    Test worker] org.hibernate.type.BasicTypeRegistry     : Adding type registration ZonedDateTime -> org.hibernate.type.BasicTypeReference@17ec335a
2023-02-20T09:49:23.080+09:00 DEBUG 3090 --- [    Test worker] org.hibernate.type.BasicTypeRegistry     : Adding type registration java.time.ZonedDateTime -> org.hibernate.type.BasicTypeReference@17ec335a
2023-02-20T09:49:23.081+09:00 DEBUG 3090 --- [    Test worker] org.hibernate.type.BasicTypeRegistry     : Adding type registration ZonedDateTimeWithTimezone -> org.hibernate.type.BasicTypeReference@284990de
2023-02-20T09:49:23.081+09:00 DEBUG 3090 --- [    Test worker] org.hibernate.type.BasicTypeRegistry     : Adding type registration ZonedDateTimeWithoutTimezone -> org.hibernate.type.BasicTypeReference@565d7d2f
2023-02-20T09:49:23.081+09:00 DEBUG 3090 --- [    Test worker] org.hibernate.type.BasicTypeRegistry     : Adding type registration date -> org.hibernate.type.BasicTypeReference@6aea99e7
2023-02-20T09:49:23.081+09:00 DEBUG 3090 --- [    Test worker] org.hibernate.type.BasicTypeRegistry     : Adding type registration java.sql.Date -> org.hibernate.type.BasicTypeReference@6aea99e7
2023-02-20T09:49:23.081+09:00 DEBUG 3090 --- [    Test worker] org.hibernate.type.BasicTypeRegistry     : Adding type registration time -> org.hibernate.type.BasicTypeReference@1c6a0103
2023-02-20T09:49:23.082+09:00 DEBUG 3090 --- [    Test worker] org.hibernate.type.BasicTypeRegistry     : Adding type registration java.sql.Time -> org.hibernate.type.BasicTypeReference@1c6a0103
2023-02-20T09:49:23.082+09:00 DEBUG 3090 --- [    Test worker] org.hibernate.type.BasicTypeRegistry     : Adding type registration timestamp -> org.hibernate.type.BasicTypeReference@7841bd30
2023-02-20T09:49:23.082+09:00 DEBUG 3090 --- [    Test worker] org.hibernate.type.BasicTypeRegistry     : Adding type registration java.sql.Timestamp -> org.hibernate.type.BasicTypeReference@7841bd30
2023-02-20T09:49:23.082+09:00 DEBUG 3090 --- [    Test worker] org.hibernate.type.BasicTypeRegistry     : Adding type registration java.util.Date -> org.hibernate.type.BasicTypeReference@7841bd30
2023-02-20T09:49:23.082+09:00 DEBUG 3090 --- [    Test worker] org.hibernate.type.BasicTypeRegistry     : Adding type registration calendar -> org.hibernate.type.BasicTypeReference@45c80312
2023-02-20T09:49:23.082+09:00 DEBUG 3090 --- [    Test worker] org.hibernate.type.BasicTypeRegistry     : Adding type registration java.util.Calendar -> org.hibernate.type.BasicTypeReference@45c80312
2023-02-20T09:49:23.083+09:00 DEBUG 3090 --- [    Test worker] org.hibernate.type.BasicTypeRegistry     : Adding type registration java.util.GregorianCalendar -> org.hibernate.type.BasicTypeReference@45c80312
2023-02-20T09:49:23.083+09:00 DEBUG 3090 --- [    Test worker] org.hibernate.type.BasicTypeRegistry     : Adding type registration calendar_date -> org.hibernate.type.BasicTypeReference@7bd38fed
2023-02-20T09:49:23.083+09:00 DEBUG 3090 --- [    Test worker] org.hibernate.type.BasicTypeRegistry     : Adding type registration calendar_time -> org.hibernate.type.BasicTypeReference@377dfb8d
2023-02-20T09:49:23.083+09:00 DEBUG 3090 --- [    Test worker] org.hibernate.type.BasicTypeRegistry     : Adding type registration instant -> org.hibernate.type.BasicTypeReference@42a0786f
2023-02-20T09:49:23.083+09:00 DEBUG 3090 --- [    Test worker] org.hibernate.type.BasicTypeRegistry     : Adding type registration java.time.Instant -> org.hibernate.type.BasicTypeReference@42a0786f
2023-02-20T09:49:23.083+09:00 DEBUG 3090 --- [    Test worker] org.hibernate.type.BasicTypeRegistry     : Adding type registration uuid -> org.hibernate.type.BasicTypeReference@477523ba
2023-02-20T09:49:23.084+09:00 DEBUG 3090 --- [    Test worker] org.hibernate.type.BasicTypeRegistry     : Adding type registration java.util.UUID -> org.hibernate.type.BasicTypeReference@477523ba
2023-02-20T09:49:23.084+09:00 DEBUG 3090 --- [    Test worker] org.hibernate.type.BasicTypeRegistry     : Adding type registration pg-uuid -> org.hibernate.type.BasicTypeReference@477523ba
2023-02-20T09:49:23.084+09:00 DEBUG 3090 --- [    Test worker] org.hibernate.type.BasicTypeRegistry     : Adding type registration uuid-binary -> org.hibernate.type.BasicTypeReference@203e705e
2023-02-20T09:49:23.084+09:00 DEBUG 3090 --- [    Test worker] org.hibernate.type.BasicTypeRegistry     : Adding type registration uuid-char -> org.hibernate.type.BasicTypeReference@78c74647
2023-02-20T09:49:23.084+09:00 DEBUG 3090 --- [    Test worker] org.hibernate.type.BasicTypeRegistry     : Adding type registration class -> org.hibernate.type.BasicTypeReference@39652a30
2023-02-20T09:49:23.085+09:00 DEBUG 3090 --- [    Test worker] org.hibernate.type.BasicTypeRegistry     : Adding type registration java.lang.Class -> org.hibernate.type.BasicTypeReference@39652a30
2023-02-20T09:49:23.085+09:00 DEBUG 3090 --- [    Test worker] org.hibernate.type.BasicTypeRegistry     : Adding type registration currency -> org.hibernate.type.BasicTypeReference@5763a655
2023-02-20T09:49:23.085+09:00 DEBUG 3090 --- [    Test worker] org.hibernate.type.BasicTypeRegistry     : Adding type registration Currency -> org.hibernate.type.BasicTypeReference@5763a655
2023-02-20T09:49:23.085+09:00 DEBUG 3090 --- [    Test worker] org.hibernate.type.BasicTypeRegistry     : Adding type registration java.util.Currency -> org.hibernate.type.BasicTypeReference@5763a655
2023-02-20T09:49:23.085+09:00 DEBUG 3090 --- [    Test worker] org.hibernate.type.BasicTypeRegistry     : Adding type registration locale -> org.hibernate.type.BasicTypeReference@40c8067
2023-02-20T09:49:23.085+09:00 DEBUG 3090 --- [    Test worker] org.hibernate.type.BasicTypeRegistry     : Adding type registration java.util.Locale -> org.hibernate.type.BasicTypeReference@40c8067
2023-02-20T09:49:23.085+09:00 DEBUG 3090 --- [    Test worker] org.hibernate.type.BasicTypeRegistry     : Adding type registration serializable -> org.hibernate.type.BasicTypeReference@46bb0bdf
2023-02-20T09:49:23.086+09:00 DEBUG 3090 --- [    Test worker] org.hibernate.type.BasicTypeRegistry     : Adding type registration java.io.Serializable -> org.hibernate.type.BasicTypeReference@46bb0bdf
2023-02-20T09:49:23.086+09:00 DEBUG 3090 --- [    Test worker] org.hibernate.type.BasicTypeRegistry     : Adding type registration timezone -> org.hibernate.type.BasicTypeReference@561f9d92
2023-02-20T09:49:23.086+09:00 DEBUG 3090 --- [    Test worker] org.hibernate.type.BasicTypeRegistry     : Adding type registration java.util.TimeZone -> org.hibernate.type.BasicTypeReference@561f9d92
2023-02-20T09:49:23.086+09:00 DEBUG 3090 --- [    Test worker] org.hibernate.type.BasicTypeRegistry     : Adding type registration ZoneOffset -> org.hibernate.type.BasicTypeReference@1c84d80a
2023-02-20T09:49:23.086+09:00 DEBUG 3090 --- [    Test worker] org.hibernate.type.BasicTypeRegistry     : Adding type registration java.time.ZoneOffset -> org.hibernate.type.BasicTypeReference@1c84d80a
2023-02-20T09:49:23.086+09:00 DEBUG 3090 --- [    Test worker] org.hibernate.type.BasicTypeRegistry     : Adding type registration url -> org.hibernate.type.BasicTypeReference@7ceb6c45
2023-02-20T09:49:23.086+09:00 DEBUG 3090 --- [    Test worker] org.hibernate.type.BasicTypeRegistry     : Adding type registration java.net.URL -> org.hibernate.type.BasicTypeReference@7ceb6c45
2023-02-20T09:49:23.087+09:00 DEBUG 3090 --- [    Test worker] org.hibernate.type.BasicTypeRegistry     : Adding type registration row_version -> org.hibernate.type.BasicTypeReference@629075f4
2023-02-20T09:49:23.092+09:00 DEBUG 3090 --- [    Test worker] org.hibernate.type.BasicTypeRegistry     : Adding type registration dbtimestamp -> org.hibernate.type.DbTimestampType@53ea380b
2023-02-20T09:49:23.092+09:00 DEBUG 3090 --- [    Test worker] org.hibernate.type.BasicTypeRegistry     : Adding type registration dbtimestamp -> org.hibernate.type.DbTimestampType@53ea380b
2023-02-20T09:49:23.094+09:00 DEBUG 3090 --- [    Test worker] org.hibernate.type.BasicTypeRegistry     : Adding type registration object -> org.hibernate.type.JavaObjectType@935493d
2023-02-20T09:49:23.094+09:00 DEBUG 3090 --- [    Test worker] org.hibernate.type.BasicTypeRegistry     : Adding type registration java.lang.Object -> org.hibernate.type.JavaObjectType@935493d
2023-02-20T09:49:23.095+09:00 DEBUG 3090 --- [    Test worker] org.hibernate.type.BasicTypeRegistry     : Adding type registration null -> org.hibernate.type.NullType@4863c8ac
2023-02-20T09:49:23.096+09:00 DEBUG 3090 --- [    Test worker] org.hibernate.type.BasicTypeRegistry     : Adding type registration imm_date -> org.hibernate.type.BasicTypeReference@56fda064
2023-02-20T09:49:23.096+09:00 DEBUG 3090 --- [    Test worker] org.hibernate.type.BasicTypeRegistry     : Adding type registration imm_time -> org.hibernate.type.BasicTypeReference@6cdee57
2023-02-20T09:49:23.096+09:00 DEBUG 3090 --- [    Test worker] org.hibernate.type.BasicTypeRegistry     : Adding type registration imm_timestamp -> org.hibernate.type.BasicTypeReference@482f7af0
2023-02-20T09:49:23.097+09:00 DEBUG 3090 --- [    Test worker] org.hibernate.type.BasicTypeRegistry     : Adding type registration imm_calendar -> org.hibernate.type.BasicTypeReference@1edfedf1
2023-02-20T09:49:23.097+09:00 DEBUG 3090 --- [    Test worker] org.hibernate.type.BasicTypeRegistry     : Adding type registration imm_calendar_date -> org.hibernate.type.BasicTypeReference@251a90ce
2023-02-20T09:49:23.097+09:00 DEBUG 3090 --- [    Test worker] org.hibernate.type.BasicTypeRegistry     : Adding type registration imm_calendar_time -> org.hibernate.type.BasicTypeReference@4c4c7d6c
2023-02-20T09:49:23.097+09:00 DEBUG 3090 --- [    Test worker] org.hibernate.type.BasicTypeRegistry     : Adding type registration imm_binary -> org.hibernate.type.BasicTypeReference@7f0766ef
2023-02-20T09:49:23.097+09:00 DEBUG 3090 --- [    Test worker] org.hibernate.type.BasicTypeRegistry     : Adding type registration imm_serializable -> org.hibernate.type.BasicTypeReference@1e56bc9b
2023-02-20T09:49:23.132+09:00  INFO 3090 --- [    Test worker] com.zaxxer.hikari.HikariDataSource       : HikariPool-1 - Starting...
2023-02-20T09:49:23.202+09:00  INFO 3090 --- [    Test worker] com.zaxxer.hikari.pool.HikariPool        : HikariPool-1 - Added connection conn0: url=jdbc:h2:tcp://localhost/~/jpashop user=SA
2023-02-20T09:49:23.204+09:00  INFO 3090 --- [    Test worker] com.zaxxer.hikari.HikariDataSource       : HikariPool-1 - Start completed.
2023-02-20T09:49:23.238+09:00  INFO 3090 --- [    Test worker] SQL dialect                              : HHH000400: Using dialect: org.hibernate.dialect.H2Dialect
2023-02-20T09:49:23.262+09:00 DEBUG 3090 --- [    Test worker] o.h.t.d.jdbc.spi.JdbcTypeRegistry        : addDescriptor(NCharTypeDescriptor) replaced previous registration(CharTypeDescriptor)
2023-02-20T09:49:23.262+09:00 DEBUG 3090 --- [    Test worker] o.h.t.d.jdbc.spi.JdbcTypeRegistry        : addDescriptor(NVarcharTypeDescriptor) replaced previous registration(VarcharTypeDescriptor)
2023-02-20T09:49:23.263+09:00 DEBUG 3090 --- [    Test worker] o.h.t.d.jdbc.spi.JdbcTypeRegistry        : addDescriptor(LongNVarcharTypeDescriptor) replaced previous registration(LongVarcharTypeDescriptor)
2023-02-20T09:49:23.264+09:00 DEBUG 3090 --- [    Test worker] o.h.t.d.jdbc.spi.JdbcTypeRegistry        : addDescriptor(NClobTypeDescriptor(DEFAULT)) replaced previous registration(ClobTypeDescriptor(DEFAULT))
2023-02-20T09:49:23.265+09:00 DEBUG 3090 --- [    Test worker] o.h.t.d.jdbc.spi.JdbcTypeRegistry        : addDescriptor(2005, ClobTypeDescriptor(STREAM_BINDING)) replaced previous registration(ClobTypeDescriptor(DEFAULT))
2023-02-20T09:49:23.266+09:00 DEBUG 3090 --- [    Test worker] o.h.t.d.jdbc.spi.JdbcTypeRegistry        : addDescriptor(3003, TimestampUtcDescriptor) replaced previous registration(TimestampUtcDescriptor)
2023-02-20T09:49:23.270+09:00 DEBUG 3090 --- [    Test worker] org.hibernate.type.BasicTypeRegistry     : Adding type registration org.hibernate.type.OffsetDateTimeType -> basicType@1(java.time.OffsetDateTime,93)
2023-02-20T09:49:23.270+09:00 DEBUG 3090 --- [    Test worker] org.hibernate.type.BasicTypeRegistry     : Adding type registration OffsetDateTime -> basicType@1(java.time.OffsetDateTime,93)
2023-02-20T09:49:23.271+09:00 DEBUG 3090 --- [    Test worker] org.hibernate.type.BasicTypeRegistry     : Adding type registration java.time.OffsetDateTime -> basicType@1(java.time.OffsetDateTime,93)
2023-02-20T09:49:23.271+09:00 DEBUG 3090 --- [    Test worker] org.hibernate.type.BasicTypeRegistry     : Adding type registration org.hibernate.type.ZonedDateTimeType -> basicType@2(java.time.ZonedDateTime,93)
2023-02-20T09:49:23.271+09:00 DEBUG 3090 --- [    Test worker] org.hibernate.type.BasicTypeRegistry     : Adding type registration ZonedDateTime -> basicType@2(java.time.ZonedDateTime,93)
2023-02-20T09:49:23.271+09:00 DEBUG 3090 --- [    Test worker] org.hibernate.type.BasicTypeRegistry     : Adding type registration java.time.ZonedDateTime -> basicType@2(java.time.ZonedDateTime,93)
2023-02-20T09:49:23.272+09:00 DEBUG 3090 --- [    Test worker] o.h.type.spi.TypeConfiguration$Scope     : Scoping TypeConfiguration [org.hibernate.type.spi.TypeConfiguration@516195cf] to MetadataBuildingContext [org.hibernate.boot.internal.MetadataBuildingContextRootImpl@4eeb14e0]
2023-02-20T09:49:23.551+09:00 DEBUG 3090 --- [    Test worker] o.h.type.spi.TypeConfiguration$Scope     : Scoping TypeConfiguration [org.hibernate.type.spi.TypeConfiguration@516195cf] to SessionFactoryImplementor [org.hibernate.internal.SessionFactoryImpl@797f97e3]
2023-02-20T09:49:23.842+09:00 DEBUG 3090 --- [    Test worker] org.hibernate.SQL                        : 
    
    drop table if exists member cascade 
2023-02-20T09:49:23.844+09:00 DEBUG 3090 --- [    Test worker] org.hibernate.SQL                        : 
    
    drop sequence if exists member_seq
2023-02-20T09:49:23.850+09:00 DEBUG 3090 --- [    Test worker] org.hibernate.SQL                        : create sequence member_seq start with 1 increment by 50
2023-02-20T09:49:23.852+09:00 DEBUG 3090 --- [    Test worker] org.hibernate.SQL                        : 
    
    create table member (
       id bigint not null,
        username varchar(255),
        primary key (id)
    )
2023-02-20T09:49:23.854+09:00  INFO 3090 --- [    Test worker] o.h.e.t.j.p.i.JtaPlatformInitiator       : HHH000490: Using JtaPlatform implementation: [org.hibernate.engine.transaction.jta.platform.internal.NoJtaPlatform]
2023-02-20T09:49:23.861+09:00 TRACE 3090 --- [    Test worker] o.h.type.spi.TypeConfiguration$Scope     : Handling #sessionFactoryCreated from [org.hibernate.internal.SessionFactoryImpl@797f97e3] for TypeConfiguration
2023-02-20T09:49:23.862+09:00  INFO 3090 --- [    Test worker] j.LocalContainerEntityManagerFactoryBean : Initialized JPA EntityManagerFactory for persistence unit 'default'
2023-02-20T09:49:24.039+09:00  WARN 3090 --- [    Test worker] JpaBaseConfiguration$JpaWebConfiguration : spring.jpa.open-in-view is enabled by default. Therefore, database queries may be performed during view rendering. Explicitly configure spring.jpa.open-in-view to disable this warning
2023-02-20T09:49:24.212+09:00  INFO 3090 --- [    Test worker] o.s.b.a.w.s.WelcomePageHandlerMapping    : Adding welcome page: class path resource [static/index.html]
2023-02-20T09:49:24.390+09:00  INFO 3090 --- [    Test worker] jpabook.jpashop.MemberRepositoryTest     : Started MemberRepositoryTest in 2.862 seconds (process running for 3.848)
2023-02-20T09:49:24.596+09:00 DEBUG 3090 --- [    Test worker] org.hibernate.SQL                        : 
    select
        next value for member_seq
true
2023-02-20T09:49:24.671+09:00 DEBUG 3090 --- [    Test worker] org.hibernate.SQL                        : 
    insert 
    into
        member
        (username, id) 
    values
        (?, ?)
]]></system-out>
  <system-err><![CDATA[]]></system-err>
</testsuite>
